# JRE version: OpenJDK Runtime Environment Temurin-17.0.5+8 (17.0.5+8) (build 17.0.5+8)
# Java VM: OpenJDK 64-Bit Server VM Temurin-17.0.5+8 (17.0.5+8, mixed mode, emulated-client, tiered, compressed oops, compressed class ptrs, g1 gc, windows-amd64)
GC Precious Log:
 CPUs: 4 total, 4 available
 Memory: 3819M
 Large Page Support: Disabled
 NUMA Support: Disabled
 Compressed Oops: Enabled (32-bit)
 Heap Region Size: 1M
 Heap Min Capacity: 8M
 Heap Initial Capacity: 60M
 Heap Max Capacity: 956M
 Pre-touch: Disabled
 Parallel Workers: 4
 Concurrent Workers: 1
 Concurrent Refinement Workers: 4
 Periodic GC: Disabled
Heap:
 garbage-first heap   total 482304K, used 341005K [0x00000000c4400000, 0x0000000100000000)
  region size 1024K, 8 young (8192K), 8 survivors (8192K)
 Metaspace       used 71426K, committed 72000K, reserved 1114112K
  class space    used 9738K, committed 9984K, reserved 1048576K
GC Heap History (20 events):
Event: 22193.879 GC heap after
{Heap after GC invocations=1503 (full 1411):
 garbage-first heap   total 482304K, used 225293K [0x00000000c4400000, 0x0000000100000000)
  region size 1024K, 0 young (0K), 0 survivors (0K)
 Metaspace       used 71026K, committed 71616K, reserved 1114112K
  class space    used 9703K, committed 9984K, reserved 1048576K
}
Event: 22257.070 GC heap before
{Heap before GC invocations=1503 (full 1411):
 garbage-first heap   total 482304K, used 366605K [0x00000000c4400000, 0x0000000100000000)
  region size 1024K, 139 young (142336K), 0 survivors (0K)
 Metaspace       used 71043K, committed 71616K, reserved 1114112K
  class space    used 9706K, committed 9984K, reserved 1048576K
}
Event: 22257.782 GC heap after
{Heap after GC invocations=1504 (full 1411):
 garbage-first heap   total 482304K, used 244208K [0x00000000c4400000, 0x0000000100000000)
  region size 1024K, 18 young (18432K), 18 survivors (18432K)
 Metaspace       used 71043K, committed 71616K, reserved 1114112K
  class space    used 9706K, committed 9984K, reserved 1048576K
}
Event: 22258.815 GC heap before
{Heap before GC invocations=1504 (full 1411):
 garbage-first heap   total 482304K, used 292336K [0x00000000c4400000, 0x0000000100000000)
  region size 1024K, 66 young (67584K), 18 survivors (18432K)
 Metaspace       used 71043K, committed 71616K, reserved 1114112K
  class space    used 9706K, committed 9984K, reserved 1048576K
}
Event: 22258.867 GC heap after
{Heap after GC invocations=1505 (full 1411):
 garbage-first heap   total 482304K, used 246377K [0x00000000c4400000, 0x0000000100000000)
  region size 1024K, 6 young (6144K), 6 survivors (6144K)
 Metaspace       used 71043K, committed 71616K, reserved 1114112K
  class space    used 9706K, committed 9984K, reserved 1048576K
}
Event: 22260.918 GC heap before
{Heap before GC invocations=1505 (full 1411):
 garbage-first heap   total 482304K, used 281193K [0x00000000c4400000, 0x0000000100000000)
  region size 1024K, 41 young (41984K), 6 survivors (6144K)
 Metaspace       used 71043K, committed 71616K, reserved 1114112K
  class space    used 9706K, committed 9984K, reserved 1048576K
}
Event: 22260.945 GC heap after
{Heap after GC invocations=1506 (full 1411):
 garbage-first heap   total 482304K, used 254477K [0x00000000c4400000, 0x0000000100000000)
  region size 1024K, 6 young (6144K), 6 survivors (6144K)
 Metaspace       used 71043K, committed 71616K, reserved 1114112K
  class space    used 9706K, committed 9984K, reserved 1048576K
}
Event: 22264.606 GC heap before
{Heap before GC invocations=1506 (full 1411):
 garbage-first heap   total 482304K, used 297485K [0x00000000c4400000, 0x0000000100000000)
  region size 1024K, 47 young (48128K), 6 survivors (6144K)
 Metaspace       used 71323K, committed 71872K, reserved 1114112K
  class space    used 9725K, committed 9984K, reserved 1048576K
}
Event: 22264.637 GC heap after
{Heap after GC invocations=1507 (full 1411):
 garbage-first heap   total 482304K, used 270048K [0x00000000c4400000, 0x0000000100000000)
  region size 1024K, 6 young (6144K), 6 survivors (6144K)
 Metaspace       used 71323K, committed 71872K, reserved 1114112K
  class space    used 9725K, committed 9984K, reserved 1048576K
}
Event: 22265.810 GC heap before
{Heap before GC invocations=1507 (full 1411):
 garbage-first heap   total 482304K, used 309984K [0x00000000c4400000, 0x0000000100000000)
  region size 1024K, 46 young (47104K), 6 survivors (6144K)
 Metaspace       used 71426K, committed 72000K, reserved 1114112K
  class space    used 9738K, committed 9984K, reserved 1048576K
}
Event: 22265.862 GC heap after
{Heap after GC invocations=1508 (full 1411):
 garbage-first heap   total 482304K, used 281101K [0x00000000c4400000, 0x0000000100000000)
  region size 1024K, 6 young (6144K), 6 survivors (6144K)
 Metaspace       used 71426K, committed 72000K, reserved 1114112K
  class space    used 9738K, committed 9984K, reserved 1048576K
}
Event: 22266.539 GC heap before
{Heap before GC invocations=1508 (full 1411):
 garbage-first heap   total 482304K, used 337421K [0x00000000c4400000, 0x0000000100000000)
  region size 1024K, 59 young (60416K), 6 survivors (6144K)
 Metaspace       used 71426K, committed 72000K, reserved 1114112K
  class space    used 9738K, committed 9984K, reserved 1048576K
}
Event: 22266.597 GC heap after
{Heap after GC invocations=1509 (full 1411):
 garbage-first heap   total 482304K, used 292405K [0x00000000c4400000, 0x0000000100000000)
  region size 1024K, 8 young (8192K), 8 survivors (8192K)
 Metaspace       used 71426K, committed 72000K, reserved 1114112K
  class space    used 9738K, committed 9984K, reserved 1048576K
}
Event: 22267.154 GC heap before
{Heap before GC invocations=1509 (full 1411):
 garbage-first heap   total 482304K, used 362037K [0x00000000c4400000, 0x0000000100000000)
  region size 1024K, 72 young (73728K), 8 survivors (8192K)
 Metaspace       used 71426K, committed 72000K, reserved 1114112K
  class space    used 9738K, committed 9984K, reserved 1048576K
}
Event: 22267.202 GC heap after
{Heap after GC invocations=1510 (full 1411):
 garbage-first heap   total 482304K, used 304463K [0x00000000c4400000, 0x0000000100000000)
  region size 1024K, 9 young (9216K), 9 survivors (9216K)
 Metaspace       used 71426K, committed 72000K, reserved 1114112K
  class space    used 9738K, committed 9984K, reserved 1048576K
}
Event: 22267.697 GC heap before
{Heap before GC invocations=1510 (full 1411):
 garbage-first heap   total 482304K, used 389455K [0x00000000c4400000, 0x0000000100000000)
  region size 1024K, 92 young (94208K), 9 survivors (9216K)
 Metaspace       used 71426K, committed 72000K, reserved 1114112K
  class space    used 9738K, committed 9984K, reserved 1048576K
}
Event: 22267.776 GC heap after
{Heap after GC invocations=1511 (full 1411):
 garbage-first heap   total 482304K, used 317453K [0x00000000c4400000, 0x0000000100000000)
  region size 1024K, 12 young (12288K), 12 survivors (12288K)
 Metaspace       used 71426K, committed 72000K, reserved 1114112K
  class space    used 9738K, committed 9984K, reserved 1048576K
}
Event: 22268.117 GC heap before
{Heap before GC invocations=1511 (full 1411):
 garbage-first heap   total 482304K, used 397325K [0x00000000c4400000, 0x0000000100000000)
  region size 1024K, 87 young (89088K), 12 survivors (12288K)
 Metaspace       used 71426K, committed 72000K, reserved 1114112K
  class space    used 9738K, committed 9984K, reserved 1048576K
}
Event: 22268.170 GC heap after
{Heap after GC invocations=1512 (full 1411):
 garbage-first heap   total 482304K, used 330765K [0x00000000c4400000, 0x0000000100000000)
  region size 1024K, 11 young (11264K), 11 survivors (11264K)
 Metaspace       used 71426K, committed 72000K, reserved 1114112K
  class space    used 9738K, committed 9984K, reserved 1048576K
}
Event: 22271.031 GC heap before
{Heap before GC invocations=1512 (full 1411):
 garbage-first heap   total 482304K, used 402445K [0x00000000c4400000, 0x0000000100000000)
  region size 1024K, 78 young (79872K), 11 survivors (11264K)
 Metaspace       used 71426K, committed 72000K, reserved 1114112K
  class space    used 9738K, committed 9984K, reserved 1048576K
}

